2025-08-06T08:40:50.991Z [INFO]: 🚀 Logger initialized successfully
{
  "logDir": "aiga-api-renual",
  "logLevel": "info",
  "type": "logger_init"
}
2025-08-06T08:40:51.246Z [INFO]: Application started on port 5001
2025-08-06T08:40:53.419Z [INFO]: 🔵 HTTP REQUEST
{
  "method": "GET",
  "url": "/api/auth/kakao",
  "params": "{\"provider\":\"kakao\"}",
  "query": "{}",
  "ip": "127.0.0.1",
  "userAgent": "Mozilla/5.0 (Macintosh; Intel Mac OS X 10_15_7) AppleWebKit/537.36 (KHTML, like Gecko) Chrome/138.0.0.0 Safari/537.36",
  "type": "http_request"
}
2025-08-06T08:40:53.425Z [INFO]: 🔴 HTTP RESPONSE
{
  "responseTime": "5ms",
  "statusCode": 302,
  "responseMessage": "Found",
  "type": "http_response"
}
2025-08-06T08:40:53.426Z [INFO]: undefined
2025-08-06T08:40:53.500Z [INFO]: 🔵 HTTP REQUEST
{
  "method": "GET",
  "url": "/api/auth/kakao/callback?code=Y_6zniPeXIhSgO-rrKaRTJUaZw889uHHWpwgmFL_wR_NuRsvYYnARgAAAAQKFxDvAAABmH6KXGTMISgqRbFCUQ",
  "params": "{\"provider\":\"kakao\"}",
  "query": "{\"code\":\"Y_6zniPeXIhSgO-rrKaRTJUaZw889uHHWpwgmFL_wR_NuRsvYYnARgAAAAQKFxDvAAABmH6KXGTMISgqRbFCUQ\"}",
  "ip": "127.0.0.1",
  "userAgent": "Mozilla/5.0 (Macintosh; Intel Mac OS X 10_15_7) AppleWebKit/537.36 (KHTML, like Gecko) Chrome/138.0.0.0 Safari/537.36",
  "type": "http_request"
}
2025-08-06T08:40:53.686Z [ERROR]: 🚨 HTTP ERROR 
Invalid `this.prismaService.user.findFirst()` invocation in
/Users/kormedi/Documents/WorkPlace/bitbucket/aiga-api-server/src/users/users.service.ts:61:36

  58 // });
  59 
  60 // 중복허용: findFirst, findMany, updateMany
→ 61 return this.prismaService.user.findFirst(
The table `user` does not exist in the current database.
{
  "statusCode": 500,
  "url": "/api/auth/kakao/callback?code=Y_6zniPeXIhSgO-rrKaRTJUaZw889uHHWpwgmFL_wR_NuRsvYYnARgAAAAQKFxDvAAABmH6KXGTMISgqRbFCUQ",
  "ip": "127.0.0.1",
  "stack": "PrismaClientKnownRequestError: \nInvalid `this.prismaService.user.findFirst()` invocation in\n/Users/kormedi/Documents/WorkPlace/bitbucket/aiga-api-server/src/users/users.service.ts:61:36\n\n  58 // });\n  59 \n  60 // 중복허용: findFirst, findMany, updateMany\n→ 61 return this.prismaService.user.findFirst(\nThe table `user` does not exist in the current database.\n    at ri.handleRequestError (/Users/kormedi/Documents/WorkPlace/bitbucket/aiga-api-server/node_modules/@prisma/client/src/runtime/RequestHandler.ts:228:13)\n    at ri.handleAndLogRequestError (/Users/kormedi/Documents/WorkPlace/bitbucket/aiga-api-server/node_modules/@prisma/client/src/runtime/RequestHandler.ts:174:12)\n    at ri.request (/Users/kormedi/Documents/WorkPlace/bitbucket/aiga-api-server/node_modules/@prisma/client/src/runtime/RequestHandler.ts:143:12)\n    at async l (/Users/kormedi/Documents/WorkPlace/bitbucket/aiga-api-server/node_modules/@prisma/client/src/runtime/getPrismaClient.ts:862:24)\n    at async AuthController.login (/Users/kormedi/Documents/WorkPlace/bitbucket/aiga-api-server/src/auth/auth.controller.ts:143:23)",
  "type": "http_error"
}
2025-08-06T08:40:53.871Z [ERROR]: 🚨 HTTP ERROR Cannot GET /favicon.ico
{
  "statusCode": 404,
  "url": "/favicon.ico",
  "ip": "127.0.0.1",
  "stack": "NotFoundException: Cannot GET /favicon.ico\n    at callback (/Users/kormedi/Documents/WorkPlace/bitbucket/aiga-api-server/node_modules/@nestjs/core/router/routes-resolver.js:77:19)\n    at /Users/kormedi/Documents/WorkPlace/bitbucket/aiga-api-server/node_modules/@nestjs/core/router/router-proxy.js:9:23\n    at Layer.handleRequest (/Users/kormedi/Documents/WorkPlace/bitbucket/aiga-api-server/node_modules/router/lib/layer.js:152:17)\n    at trimPrefix (/Users/kormedi/Documents/WorkPlace/bitbucket/aiga-api-server/node_modules/router/index.js:342:13)\n    at /Users/kormedi/Documents/WorkPlace/bitbucket/aiga-api-server/node_modules/router/index.js:297:9\n    at processParams (/Users/kormedi/Documents/WorkPlace/bitbucket/aiga-api-server/node_modules/router/index.js:582:12)\n    at next (/Users/kormedi/Documents/WorkPlace/bitbucket/aiga-api-server/node_modules/router/index.js:291:5)\n    at urlencodedParser (/Users/kormedi/Documents/WorkPlace/bitbucket/aiga-api-server/node_modules/body-parser/lib/types/urlencoded.js:68:7)\n    at Layer.handleRequest (/Users/kormedi/Documents/WorkPlace/bitbucket/aiga-api-server/node_modules/router/lib/layer.js:152:17)\n    at trimPrefix (/Users/kormedi/Documents/WorkPlace/bitbucket/aiga-api-server/node_modules/router/index.js:342:13)",
  "type": "http_error"
}
2025-08-06T08:41:07.569Z [INFO]: 🚀 Logger initialized successfully
{
  "logDir": "aiga-api-renual",
  "logLevel": "info",
  "type": "logger_init"
}
2025-08-06T08:41:07.616Z [INFO]: Application started on port 5001
2025-08-06T08:42:13.737Z [INFO]: 🔵 HTTP REQUEST
{
  "method": "GET",
  "url": "/api/config",
  "params": "{}",
  "query": "{}",
  "ip": "127.0.0.1",
  "userAgent": "Mozilla/5.0 (Macintosh; Intel Mac OS X 10_15_7) AppleWebKit/537.36 (KHTML, like Gecko) Chrome/138.0.0.0 Safari/537.36",
  "type": "http_request"
}
2025-08-06T08:42:13.742Z [INFO]: 🟢 HTTP RESPONSE
{
  "responseTime": "3ms",
  "statusCode": 200,
  "responseMessage": "OK",
  "type": "http_response"
}
2025-08-06T08:42:13.743Z [INFO]: {
  "config": {
    "user_max_token": "200000",
    "user_retry_limit_sec": "57600",
    "guest_max_token": "20000",
    "guest_retry_limit_sec": "57600"
  }
}
2025-08-06T08:42:17.005Z [INFO]: 🔵 HTTP REQUEST
{
  "method": "GET",
  "url": "/api/auth/kakao",
  "params": "{\"provider\":\"kakao\"}",
  "query": "{}",
  "ip": "127.0.0.1",
  "userAgent": "Mozilla/5.0 (Macintosh; Intel Mac OS X 10_15_7) AppleWebKit/537.36 (KHTML, like Gecko) Chrome/138.0.0.0 Safari/537.36",
  "type": "http_request"
}
2025-08-06T08:42:17.009Z [INFO]: 🔴 HTTP RESPONSE
{
  "responseTime": "3ms",
  "statusCode": 302,
  "responseMessage": "Found",
  "type": "http_response"
}
2025-08-06T08:42:17.009Z [INFO]: undefined
2025-08-06T08:42:17.086Z [INFO]: 🔵 HTTP REQUEST
{
  "method": "GET",
  "url": "/api/auth/kakao/callback?code=6fzdFGAO5h4UZY9r5OtIDVQUwnyf58eCne_jXMngxD7nWwHn0ND9xAAAAAQKFyEtAAABmH6LouUicpf3YNJZ6g",
  "params": "{\"provider\":\"kakao\"}",
  "query": "{\"code\":\"6fzdFGAO5h4UZY9r5OtIDVQUwnyf58eCne_jXMngxD7nWwHn0ND9xAAAAAQKFyEtAAABmH6LouUicpf3YNJZ6g\"}",
  "ip": "127.0.0.1",
  "userAgent": "Mozilla/5.0 (Macintosh; Intel Mac OS X 10_15_7) AppleWebKit/537.36 (KHTML, like Gecko) Chrome/138.0.0.0 Safari/537.36",
  "type": "http_request"
}
2025-08-06T08:42:17.262Z [ERROR]: 🚨 HTTP ERROR 
Invalid `this.prismaService.user.findFirst()` invocation in
/Users/kormedi/Documents/WorkPlace/bitbucket/aiga-api-server/src/users/users.service.ts:61:36

  58 // });
  59 
  60 // 중복허용: findFirst, findMany, updateMany
→ 61 return this.prismaService.user.findFirst(
The table `user` does not exist in the current database.
{
  "statusCode": 500,
  "url": "/api/auth/kakao/callback?code=6fzdFGAO5h4UZY9r5OtIDVQUwnyf58eCne_jXMngxD7nWwHn0ND9xAAAAAQKFyEtAAABmH6LouUicpf3YNJZ6g",
  "ip": "127.0.0.1",
  "stack": "PrismaClientKnownRequestError: \nInvalid `this.prismaService.user.findFirst()` invocation in\n/Users/kormedi/Documents/WorkPlace/bitbucket/aiga-api-server/src/users/users.service.ts:61:36\n\n  58 // });\n  59 \n  60 // 중복허용: findFirst, findMany, updateMany\n→ 61 return this.prismaService.user.findFirst(\nThe table `user` does not exist in the current database.\n    at ri.handleRequestError (/Users/kormedi/Documents/WorkPlace/bitbucket/aiga-api-server/node_modules/@prisma/client/src/runtime/RequestHandler.ts:228:13)\n    at ri.handleAndLogRequestError (/Users/kormedi/Documents/WorkPlace/bitbucket/aiga-api-server/node_modules/@prisma/client/src/runtime/RequestHandler.ts:174:12)\n    at ri.request (/Users/kormedi/Documents/WorkPlace/bitbucket/aiga-api-server/node_modules/@prisma/client/src/runtime/RequestHandler.ts:143:12)\n    at async l (/Users/kormedi/Documents/WorkPlace/bitbucket/aiga-api-server/node_modules/@prisma/client/src/runtime/getPrismaClient.ts:862:24)\n    at async AuthController.login (/Users/kormedi/Documents/WorkPlace/bitbucket/aiga-api-server/src/auth/auth.controller.ts:143:23)",
  "type": "http_error"
}
2025-08-06T08:43:12.394Z [INFO]: 🚀 Logger initialized successfully
{
  "logDir": "aiga-api-renual",
  "logLevel": "info",
  "type": "logger_init"
}
2025-08-06T08:43:12.973Z [INFO]: Application started on port 5001
2025-08-06T08:43:15.989Z [INFO]: 🔵 HTTP REQUEST
{
  "method": "GET",
  "url": "/api/auth/kakao",
  "params": "{\"provider\":\"kakao\"}",
  "query": "{}",
  "ip": "127.0.0.1",
  "userAgent": "Mozilla/5.0 (Macintosh; Intel Mac OS X 10_15_7) AppleWebKit/537.36 (KHTML, like Gecko) Chrome/138.0.0.0 Safari/537.36",
  "type": "http_request"
}
2025-08-06T08:43:15.997Z [INFO]: 🔴 HTTP RESPONSE
{
  "responseTime": "7ms",
  "statusCode": 302,
  "responseMessage": "Found",
  "type": "http_response"
}
2025-08-06T08:43:15.998Z [INFO]: undefined
2025-08-06T08:43:16.073Z [INFO]: 🔵 HTTP REQUEST
{
  "method": "GET",
  "url": "/api/auth/kakao/callback?code=nvu4EmWzBqlBkQ9UOZdbiZnT8sv-iid3mw_YRS-SZ3Xvizb15mhIywAAAAQKFxDvAAABmH6MiVTDukuslKNZWg",
  "params": "{\"provider\":\"kakao\"}",
  "query": "{\"code\":\"nvu4EmWzBqlBkQ9UOZdbiZnT8sv-iid3mw_YRS-SZ3Xvizb15mhIywAAAAQKFxDvAAABmH6MiVTDukuslKNZWg\"}",
  "ip": "127.0.0.1",
  "userAgent": "Mozilla/5.0 (Macintosh; Intel Mac OS X 10_15_7) AppleWebKit/537.36 (KHTML, like Gecko) Chrome/138.0.0.0 Safari/537.36",
  "type": "http_request"
}
2025-08-06T08:43:16.243Z [ERROR]: 🚨 HTTP ERROR error:1C80006B:Provider routines::wrong final block length
{
  "statusCode": 500,
  "url": "/api/auth/kakao/callback?code=nvu4EmWzBqlBkQ9UOZdbiZnT8sv-iid3mw_YRS-SZ3Xvizb15mhIywAAAAQKFxDvAAABmH6MiVTDukuslKNZWg",
  "ip": "127.0.0.1",
  "stack": "Error: error:1C80006B:Provider routines::wrong final block length\n    at Decipheriv.final (node:internal/crypto/cipher:193:29)\n    at Function.decrypt (/Users/kormedi/Documents/WorkPlace/bitbucket/aiga-api-server/src/common/utils/crypto.util.ts:18:27)\n    at AuthController.login (/Users/kormedi/Documents/WorkPlace/bitbucket/aiga-api-server/src/auth/auth.controller.ts:227:39)\n    at process.processTicksAndRejections (node:internal/process/task_queues:95:5)",
  "type": "http_error"
}
2025-08-06T08:43:31.830Z [INFO]: 🔵 HTTP REQUEST
{
  "method": "GET",
  "url": "/api/auth/kakao",
  "params": "{\"provider\":\"kakao\"}",
  "query": "{}",
  "ip": "127.0.0.1",
  "userAgent": "Mozilla/5.0 (Macintosh; Intel Mac OS X 10_15_7) AppleWebKit/537.36 (KHTML, like Gecko) Chrome/138.0.0.0 Safari/537.36",
  "type": "http_request"
}
2025-08-06T08:43:31.831Z [INFO]: 🔴 HTTP RESPONSE
{
  "responseTime": "1ms",
  "statusCode": 302,
  "responseMessage": "Found",
  "type": "http_response"
}
2025-08-06T08:43:31.831Z [INFO]: undefined
2025-08-06T08:43:31.908Z [INFO]: 🔵 HTTP REQUEST
{
  "method": "GET",
  "url": "/api/auth/kakao/callback?code=ReXu9JobrQz3n9fFLdmWUiaPDuW7PSVIrntYWNk777_mPuLaftpHQgAAAAQKDR_RAAABmH6MxzGSBpCp5rpDbg",
  "params": "{\"provider\":\"kakao\"}",
  "query": "{\"code\":\"ReXu9JobrQz3n9fFLdmWUiaPDuW7PSVIrntYWNk777_mPuLaftpHQgAAAAQKDR_RAAABmH6MxzGSBpCp5rpDbg\"}",
  "ip": "127.0.0.1",
  "userAgent": "Mozilla/5.0 (Macintosh; Intel Mac OS X 10_15_7) AppleWebKit/537.36 (KHTML, like Gecko) Chrome/138.0.0.0 Safari/537.36",
  "type": "http_request"
}
2025-08-06T08:43:32.026Z [ERROR]: 🚨 HTTP ERROR error:1C80006B:Provider routines::wrong final block length
{
  "statusCode": 500,
  "url": "/api/auth/kakao/callback?code=ReXu9JobrQz3n9fFLdmWUiaPDuW7PSVIrntYWNk777_mPuLaftpHQgAAAAQKDR_RAAABmH6MxzGSBpCp5rpDbg",
  "ip": "127.0.0.1",
  "stack": "Error: error:1C80006B:Provider routines::wrong final block length\n    at Decipheriv.final (node:internal/crypto/cipher:193:29)\n    at Function.decrypt (/Users/kormedi/Documents/WorkPlace/bitbucket/aiga-api-server/src/common/utils/crypto.util.ts:18:27)\n    at AuthController.login (/Users/kormedi/Documents/WorkPlace/bitbucket/aiga-api-server/src/auth/auth.controller.ts:227:39)\n    at process.processTicksAndRejections (node:internal/process/task_queues:95:5)",
  "type": "http_error"
}
2025-08-06T08:44:01.462Z [INFO]: 🚀 Logger initialized successfully
{
  "logDir": "aiga-api-renual",
  "logLevel": "info",
  "type": "logger_init"
}
2025-08-06T08:44:01.503Z [INFO]: Application started on port 5001
2025-08-06T08:44:05.262Z [INFO]: 🔵 HTTP REQUEST
{
  "method": "GET",
  "url": "/api/auth/kakao",
  "params": "{\"provider\":\"kakao\"}",
  "query": "{}",
  "ip": "127.0.0.1",
  "userAgent": "Mozilla/5.0 (Macintosh; Intel Mac OS X 10_15_7) AppleWebKit/537.36 (KHTML, like Gecko) Chrome/138.0.0.0 Safari/537.36",
  "type": "http_request"
}
2025-08-06T08:44:05.268Z [INFO]: 🔴 HTTP RESPONSE
{
  "responseTime": "5ms",
  "statusCode": 302,
  "responseMessage": "Found",
  "type": "http_response"
}
2025-08-06T08:44:05.269Z [INFO]: undefined
2025-08-06T08:44:05.346Z [INFO]: 🔵 HTTP REQUEST
{
  "method": "GET",
  "url": "/api/auth/kakao/callback?code=ZisMZ8XOwBBZH0-_i8kNerF5lzaF9SQitCOaUkUuD_IfMlKy8tt4GQAAAAQKDSGWAAABmH6NSc77Ewsnpgvovw",
  "params": "{\"provider\":\"kakao\"}",
  "query": "{\"code\":\"ZisMZ8XOwBBZH0-_i8kNerF5lzaF9SQitCOaUkUuD_IfMlKy8tt4GQAAAAQKDSGWAAABmH6NSc77Ewsnpgvovw\"}",
  "ip": "127.0.0.1",
  "userAgent": "Mozilla/5.0 (Macintosh; Intel Mac OS X 10_15_7) AppleWebKit/537.36 (KHTML, like Gecko) Chrome/138.0.0.0 Safari/537.36",
  "type": "http_request"
}
2025-08-06T08:44:05.513Z [INFO]: 🟢 HTTP RESPONSE
{
  "responseTime": "167ms",
  "statusCode": 200,
  "responseMessage": "OK",
  "type": "http_response"
}
2025-08-06T08:44:05.513Z [INFO]: undefined
2025-08-06T08:44:15.633Z [INFO]: 🔵 HTTP REQUEST
{
  "method": "GET",
  "url": "/api/users/agreement",
  "params": "{}",
  "query": "{}",
  "ip": "127.0.0.1",
  "userAgent": "Mozilla/5.0 (Macintosh; Intel Mac OS X 10_15_7) AppleWebKit/537.36 (KHTML, like Gecko) Chrome/138.0.0.0 Safari/537.36",
  "type": "http_request"
}
2025-08-06T08:44:15.652Z [INFO]: 🟢 HTTP RESPONSE
{
  "responseTime": "17ms",
  "statusCode": 200,
  "responseMessage": "OK",
  "type": "http_response"
}
2025-08-06T08:44:15.652Z [INFO]: {
  "user": {
    "user_id": "uid_2383b3e3-e068-4fda-a90d-a0d6d88a289a",
    "sns_type": "kakao",
    "sns_id": "4373193384",
    "email": "xkFoioQfPvBYyjMR7iwWkWr0Hx+7SYnZAbBn36favGk=",
    "nickname": "노성남",
    "profile_img": "Iu0VnxJFRZQFZB99zPAt0PdBsaOm8zg1r3e3iMLSpz2k5j6aKy79LiAm9UpZgzla/4EnKFDQu0uQigjALSQI9mey+aIxRVGM5AQnz0LUAGmW/SwxNQH3TNthL1LcXTzp",
    "regist_date": "2025-08-06T08:44:05.507Z",
    "unregist_date": null,
    "agreement": true,
    "createdAt": "2025-08-06T08:44:05.507Z",
    "updatedAt": null
  }
}
2025-08-06T08:45:52.909Z [INFO]: 🔵 HTTP REQUEST
{
  "method": "GET",
  "url": "/api/auth/kakao",
  "params": "{\"provider\":\"kakao\"}",
  "query": "{}",
  "ip": "127.0.0.1",
  "userAgent": "Mozilla/5.0 (Macintosh; Intel Mac OS X 10_15_7) AppleWebKit/537.36 (KHTML, like Gecko) Chrome/138.0.0.0 Safari/537.36",
  "type": "http_request"
}
2025-08-06T08:45:52.912Z [INFO]: 🔴 HTTP RESPONSE
{
  "responseTime": "2ms",
  "statusCode": 302,
  "responseMessage": "Found",
  "type": "http_response"
}
2025-08-06T08:45:52.912Z [INFO]: undefined
2025-08-06T08:45:52.984Z [INFO]: 🔵 HTTP REQUEST
{
  "method": "GET",
  "url": "/api/auth/kakao/callback?code=Edfbme2GELXjA4snVPAAycQMaLaoPRdGFEfY9PS4QRK-ttNKO5C0vgAAAAQKFwFQAAABmH6O7kQhI_W2iNNaeg",
  "params": "{\"provider\":\"kakao\"}",
  "query": "{\"code\":\"Edfbme2GELXjA4snVPAAycQMaLaoPRdGFEfY9PS4QRK-ttNKO5C0vgAAAAQKFwFQAAABmH6O7kQhI_W2iNNaeg\"}",
  "ip": "127.0.0.1",
  "userAgent": "Mozilla/5.0 (Macintosh; Intel Mac OS X 10_15_7) AppleWebKit/537.36 (KHTML, like Gecko) Chrome/138.0.0.0 Safari/537.36",
  "type": "http_request"
}
2025-08-06T08:45:53.111Z [INFO]: 🟢 HTTP RESPONSE
{
  "responseTime": "127ms",
  "statusCode": 200,
  "responseMessage": "OK",
  "type": "http_response"
}
2025-08-06T08:45:53.111Z [INFO]: undefined
2025-08-06T08:46:03.731Z [INFO]: 🔵 HTTP REQUEST
{
  "method": "GET",
  "url": "/api/users/agreement",
  "params": "{}",
  "query": "{}",
  "ip": "127.0.0.1",
  "userAgent": "Mozilla/5.0 (Macintosh; Intel Mac OS X 10_15_7) AppleWebKit/537.36 (KHTML, like Gecko) Chrome/138.0.0.0 Safari/537.36",
  "type": "http_request"
}
2025-08-06T08:46:03.736Z [INFO]: 🟢 HTTP RESPONSE
{
  "responseTime": "4ms",
  "statusCode": 200,
  "responseMessage": "OK",
  "type": "http_response"
}
2025-08-06T08:46:03.737Z [INFO]: {
  "user": {
    "user_id": "uid_2383b3e3-e068-4fda-a90d-a0d6d88a289a",
    "sns_type": "kakao",
    "sns_id": "4373193384",
    "email": "xkFoioQfPvBYyjMR7iwWkWr0Hx+7SYnZAbBn36favGk=",
    "nickname": "노성남",
    "profile_img": "Iu0VnxJFRZQFZB99zPAt0PdBsaOm8zg1r3e3iMLSpz2k5j6aKy79LiAm9UpZgzla/4EnKFDQu0uQigjALSQI9mey+aIxRVGM5AQnz0LUAGmW/SwxNQH3TNthL1LcXTzp",
    "regist_date": "2025-08-06T08:45:53.103Z",
    "unregist_date": null,
    "agreement": true,
    "createdAt": "2025-08-06T08:44:05.507Z",
    "updatedAt": "2025-08-06T08:45:53.103Z"
  }
}
2025-08-06T08:46:50.594Z [INFO]: 🔵 HTTP REQUEST
{
  "method": "GET",
  "url": "/api/history",
  "params": "{}",
  "query": "{}",
  "ip": "127.0.0.1",
  "userAgent": "Mozilla/5.0 (Macintosh; Intel Mac OS X 10_15_7) AppleWebKit/537.36 (KHTML, like Gecko) Chrome/138.0.0.0 Safari/537.36",
  "type": "http_request"
}
2025-08-06T08:46:50.618Z [INFO]: 🟢 HTTP RESPONSE
{
  "responseTime": "23ms",
  "statusCode": 200,
  "responseMessage": "OK",
  "type": "http_response"
}
2025-08-06T08:46:50.618Z [INFO]: {
  "history": {
    "user_id": "uid_2383b3e3-e068-4fda-a90d-a0d6d88a289a",
    "sessions": []
  }
}
2025-08-06T08:46:54.420Z [ERROR]: 🚨 HTTP ERROR 회원 인증이 필요합니다.
{
  "statusCode": 401,
  "url": "/api/auth/logout",
  "ip": "127.0.0.1",
  "stack": "UnauthorizedException: 회원 인증이 필요합니다.\n    at UserGuard.canActivate (/Users/kormedi/Documents/WorkPlace/bitbucket/aiga-api-server/src/common/guards/user.guard.ts:51:13)\n    at GuardsConsumer.tryActivate (/Users/kormedi/Documents/WorkPlace/bitbucket/aiga-api-server/node_modules/@nestjs/core/guards/guards-consumer.js:15:34)\n    at canActivateFn (/Users/kormedi/Documents/WorkPlace/bitbucket/aiga-api-server/node_modules/@nestjs/core/router/router-execution-context.js:135:59)\n    at /Users/kormedi/Documents/WorkPlace/bitbucket/aiga-api-server/node_modules/@nestjs/core/router/router-execution-context.js:42:37\n    at /Users/kormedi/Documents/WorkPlace/bitbucket/aiga-api-server/node_modules/@nestjs/core/router/router-proxy.js:9:23\n    at Layer.handleRequest (/Users/kormedi/Documents/WorkPlace/bitbucket/aiga-api-server/node_modules/router/lib/layer.js:152:17)\n    at next (/Users/kormedi/Documents/WorkPlace/bitbucket/aiga-api-server/node_modules/router/lib/route.js:157:13)\n    at Route.dispatch (/Users/kormedi/Documents/WorkPlace/bitbucket/aiga-api-server/node_modules/router/lib/route.js:117:3)\n    at handle (/Users/kormedi/Documents/WorkPlace/bitbucket/aiga-api-server/node_modules/router/index.js:435:11)\n    at Layer.handleRequest (/Users/kormedi/Documents/WorkPlace/bitbucket/aiga-api-server/node_modules/router/lib/layer.js:152:17)",
  "type": "http_error"
}
2025-08-06T08:47:19.215Z [INFO]: 🔵 HTTP REQUEST
{
  "method": "GET",
  "url": "/api/config",
  "params": "{}",
  "query": "{}",
  "ip": "127.0.0.1",
  "userAgent": "Mozilla/5.0 (Macintosh; Intel Mac OS X 10_15_7) AppleWebKit/537.36 (KHTML, like Gecko) Chrome/138.0.0.0 Safari/537.36",
  "type": "http_request"
}
2025-08-06T08:47:19.216Z [INFO]: 🟢 HTTP RESPONSE
{
  "responseTime": "0ms",
  "statusCode": 200,
  "responseMessage": "OK",
  "type": "http_response"
}
2025-08-06T08:47:19.217Z [INFO]: {
  "config": {
    "user_max_token": "200000",
    "user_retry_limit_sec": "57600",
    "guest_max_token": "20000",
    "guest_retry_limit_sec": "57600"
  }
}
2025-08-06T08:47:22.482Z [INFO]: 🔵 HTTP REQUEST
{
  "method": "GET",
  "url": "/api/auth/kakao",
  "params": "{\"provider\":\"kakao\"}",
  "query": "{}",
  "ip": "127.0.0.1",
  "userAgent": "Mozilla/5.0 (Macintosh; Intel Mac OS X 10_15_7) AppleWebKit/537.36 (KHTML, like Gecko) Chrome/138.0.0.0 Safari/537.36",
  "type": "http_request"
}
2025-08-06T08:47:22.485Z [INFO]: 🔴 HTTP RESPONSE
{
  "responseTime": "2ms",
  "statusCode": 302,
  "responseMessage": "Found",
  "type": "http_response"
}
2025-08-06T08:47:22.485Z [INFO]: undefined
2025-08-06T08:47:22.565Z [INFO]: 🔵 HTTP REQUEST
{
  "method": "GET",
  "url": "/api/auth/kakao/callback?code=J3D-yKDCZsBtM40N5MjatQjTwRmQLbhIEHg0cHp3xHG84yIEqVH2ggAAAAQKDSCbAAABmH6QS73mTYKY7N6ACw",
  "params": "{\"provider\":\"kakao\"}",
  "query": "{\"code\":\"J3D-yKDCZsBtM40N5MjatQjTwRmQLbhIEHg0cHp3xHG84yIEqVH2ggAAAAQKDSCbAAABmH6QS73mTYKY7N6ACw\"}",
  "ip": "127.0.0.1",
  "userAgent": "Mozilla/5.0 (Macintosh; Intel Mac OS X 10_15_7) AppleWebKit/537.36 (KHTML, like Gecko) Chrome/138.0.0.0 Safari/537.36",
  "type": "http_request"
}
2025-08-06T08:47:22.696Z [INFO]: 🟢 HTTP RESPONSE
{
  "responseTime": "130ms",
  "statusCode": 200,
  "responseMessage": "OK",
  "type": "http_response"
}
2025-08-06T08:47:22.697Z [INFO]: undefined
2025-08-06T08:47:30.518Z [INFO]: 🔵 HTTP REQUEST
{
  "method": "GET",
  "url": "/api/users/agreement",
  "params": "{}",
  "query": "{}",
  "ip": "127.0.0.1",
  "userAgent": "Mozilla/5.0 (Macintosh; Intel Mac OS X 10_15_7) AppleWebKit/537.36 (KHTML, like Gecko) Chrome/138.0.0.0 Safari/537.36",
  "type": "http_request"
}
2025-08-06T08:47:30.524Z [INFO]: 🟢 HTTP RESPONSE
{
  "responseTime": "5ms",
  "statusCode": 200,
  "responseMessage": "OK",
  "type": "http_response"
}
2025-08-06T08:47:30.525Z [INFO]: {
  "user": {
    "user_id": "uid_2383b3e3-e068-4fda-a90d-a0d6d88a289a",
    "sns_type": "kakao",
    "sns_id": "4373193384",
    "email": "xkFoioQfPvBYyjMR7iwWkWr0Hx+7SYnZAbBn36favGk=",
    "nickname": "노성남",
    "profile_img": "Iu0VnxJFRZQFZB99zPAt0PdBsaOm8zg1r3e3iMLSpz2k5j6aKy79LiAm9UpZgzla/4EnKFDQu0uQigjALSQI9mey+aIxRVGM5AQnz0LUAGmW/SwxNQH3TNthL1LcXTzp",
    "regist_date": "2025-08-06T08:47:22.690Z",
    "unregist_date": null,
    "agreement": true,
    "createdAt": "2025-08-06T08:44:05.507Z",
    "updatedAt": "2025-08-06T08:47:22.690Z"
  }
}
2025-08-06T09:08:50.416Z [INFO]: 🔵 HTTP REQUEST
{
  "method": "GET",
  "url": "/api/history",
  "params": "{}",
  "query": "{}",
  "ip": "127.0.0.1",
  "userAgent": "Mozilla/5.0 (Macintosh; Intel Mac OS X 10_15_7) AppleWebKit/537.36 (KHTML, like Gecko) Chrome/138.0.0.0 Safari/537.36",
  "type": "http_request"
}
2025-08-06T09:08:50.419Z [INFO]: 🟢 HTTP RESPONSE
{
  "responseTime": "1ms",
  "statusCode": 200,
  "responseMessage": "OK",
  "type": "http_response"
}
2025-08-06T09:08:50.419Z [INFO]: {
  "history": {
    "user_id": "uid_2383b3e3-e068-4fda-a90d-a0d6d88a289a",
    "sessions": []
  }
}
2025-08-06T09:08:54.210Z [ERROR]: 🚨 HTTP ERROR 회원 인증이 필요합니다.
{
  "statusCode": 401,
  "url": "/api/auth/logout",
  "ip": "127.0.0.1",
  "stack": "UnauthorizedException: 회원 인증이 필요합니다.\n    at UserGuard.canActivate (/Users/kormedi/Documents/WorkPlace/bitbucket/aiga-api-server/src/common/guards/user.guard.ts:51:13)\n    at GuardsConsumer.tryActivate (/Users/kormedi/Documents/WorkPlace/bitbucket/aiga-api-server/node_modules/@nestjs/core/guards/guards-consumer.js:15:34)\n    at canActivateFn (/Users/kormedi/Documents/WorkPlace/bitbucket/aiga-api-server/node_modules/@nestjs/core/router/router-execution-context.js:135:59)\n    at /Users/kormedi/Documents/WorkPlace/bitbucket/aiga-api-server/node_modules/@nestjs/core/router/router-execution-context.js:42:37\n    at /Users/kormedi/Documents/WorkPlace/bitbucket/aiga-api-server/node_modules/@nestjs/core/router/router-proxy.js:9:23\n    at Layer.handleRequest (/Users/kormedi/Documents/WorkPlace/bitbucket/aiga-api-server/node_modules/router/lib/layer.js:152:17)\n    at next (/Users/kormedi/Documents/WorkPlace/bitbucket/aiga-api-server/node_modules/router/lib/route.js:157:13)\n    at Route.dispatch (/Users/kormedi/Documents/WorkPlace/bitbucket/aiga-api-server/node_modules/router/lib/route.js:117:3)\n    at handle (/Users/kormedi/Documents/WorkPlace/bitbucket/aiga-api-server/node_modules/router/index.js:435:11)\n    at Layer.handleRequest (/Users/kormedi/Documents/WorkPlace/bitbucket/aiga-api-server/node_modules/router/lib/layer.js:152:17)",
  "type": "http_error"
}
2025-08-06T09:09:00.353Z [INFO]: 🔵 HTTP REQUEST
{
  "method": "GET",
  "url": "/api/auth/kakao",
  "params": "{\"provider\":\"kakao\"}",
  "query": "{}",
  "ip": "127.0.0.1",
  "userAgent": "Mozilla/5.0 (Macintosh; Intel Mac OS X 10_15_7) AppleWebKit/537.36 (KHTML, like Gecko) Chrome/138.0.0.0 Safari/537.36",
  "type": "http_request"
}
2025-08-06T09:09:00.354Z [INFO]: 🔴 HTTP RESPONSE
{
  "responseTime": "0ms",
  "statusCode": 302,
  "responseMessage": "Found",
  "type": "http_response"
}
2025-08-06T09:09:00.354Z [INFO]: undefined
2025-08-06T09:09:00.447Z [INFO]: 🔵 HTTP REQUEST
{
  "method": "GET",
  "url": "/api/auth/kakao/callback?code=R7wrn6ngRmARFNleHTZr2CG7qvMAu2jmuhHvkspfbNgxUPdxt6-gBQAAAAQKFwFQAAABmH6kGYIBl6J2VXah6g",
  "params": "{\"provider\":\"kakao\"}",
  "query": "{\"code\":\"R7wrn6ngRmARFNleHTZr2CG7qvMAu2jmuhHvkspfbNgxUPdxt6-gBQAAAAQKFwFQAAABmH6kGYIBl6J2VXah6g\"}",
  "ip": "127.0.0.1",
  "userAgent": "Mozilla/5.0 (Macintosh; Intel Mac OS X 10_15_7) AppleWebKit/537.36 (KHTML, like Gecko) Chrome/138.0.0.0 Safari/537.36",
  "type": "http_request"
}
2025-08-06T09:09:00.580Z [INFO]: 🟢 HTTP RESPONSE
{
  "responseTime": "133ms",
  "statusCode": 200,
  "responseMessage": "OK",
  "type": "http_response"
}
2025-08-06T09:09:00.580Z [INFO]: undefined
2025-08-06T09:09:07.756Z [INFO]: 🔵 HTTP REQUEST
{
  "method": "GET",
  "url": "/api/users/agreement",
  "params": "{}",
  "query": "{}",
  "ip": "127.0.0.1",
  "userAgent": "Mozilla/5.0 (Macintosh; Intel Mac OS X 10_15_7) AppleWebKit/537.36 (KHTML, like Gecko) Chrome/138.0.0.0 Safari/537.36",
  "type": "http_request"
}
2025-08-06T09:09:07.759Z [INFO]: 🟢 HTTP RESPONSE
{
  "responseTime": "3ms",
  "statusCode": 200,
  "responseMessage": "OK",
  "type": "http_response"
}
2025-08-06T09:09:07.759Z [INFO]: {
  "user": {
    "user_id": "uid_2383b3e3-e068-4fda-a90d-a0d6d88a289a",
    "sns_type": "kakao",
    "sns_id": "4373193384",
    "email": "xkFoioQfPvBYyjMR7iwWkWr0Hx+7SYnZAbBn36favGk=",
    "nickname": "노성남",
    "profile_img": "Iu0VnxJFRZQFZB99zPAt0PdBsaOm8zg1r3e3iMLSpz2k5j6aKy79LiAm9UpZgzla/4EnKFDQu0uQigjALSQI9mey+aIxRVGM5AQnz0LUAGmW/SwxNQH3TNthL1LcXTzp",
    "regist_date": "2025-08-06T09:09:00.575Z",
    "unregist_date": null,
    "agreement": true,
    "createdAt": "2025-08-06T08:44:05.507Z",
    "updatedAt": "2025-08-06T09:09:00.575Z"
  }
}
2025-08-06T09:09:55.739Z [INFO]: 🔵 HTTP REQUEST
{
  "method": "GET",
  "url": "/api/history",
  "params": "{}",
  "query": "{}",
  "ip": "127.0.0.1",
  "userAgent": "Mozilla/5.0 (Macintosh; Intel Mac OS X 10_15_7) AppleWebKit/537.36 (KHTML, like Gecko) Chrome/138.0.0.0 Safari/537.36",
  "type": "http_request"
}
2025-08-06T09:09:55.741Z [INFO]: 🟢 HTTP RESPONSE
{
  "responseTime": "1ms",
  "statusCode": 200,
  "responseMessage": "OK",
  "type": "http_response"
}
2025-08-06T09:09:55.741Z [INFO]: {
  "history": {
    "user_id": "uid_2383b3e3-e068-4fda-a90d-a0d6d88a289a",
    "sessions": []
  }
}
2025-08-06T09:09:59.480Z [ERROR]: 🚨 HTTP ERROR 회원 인증이 필요합니다.
{
  "statusCode": 401,
  "url": "/api/auth/logout",
  "ip": "127.0.0.1",
  "stack": "UnauthorizedException: 회원 인증이 필요합니다.\n    at UserGuard.canActivate (/Users/kormedi/Documents/WorkPlace/bitbucket/aiga-api-server/src/common/guards/user.guard.ts:51:13)\n    at GuardsConsumer.tryActivate (/Users/kormedi/Documents/WorkPlace/bitbucket/aiga-api-server/node_modules/@nestjs/core/guards/guards-consumer.js:15:34)\n    at canActivateFn (/Users/kormedi/Documents/WorkPlace/bitbucket/aiga-api-server/node_modules/@nestjs/core/router/router-execution-context.js:135:59)\n    at /Users/kormedi/Documents/WorkPlace/bitbucket/aiga-api-server/node_modules/@nestjs/core/router/router-execution-context.js:42:37\n    at /Users/kormedi/Documents/WorkPlace/bitbucket/aiga-api-server/node_modules/@nestjs/core/router/router-proxy.js:9:23\n    at Layer.handleRequest (/Users/kormedi/Documents/WorkPlace/bitbucket/aiga-api-server/node_modules/router/lib/layer.js:152:17)\n    at next (/Users/kormedi/Documents/WorkPlace/bitbucket/aiga-api-server/node_modules/router/lib/route.js:157:13)\n    at Route.dispatch (/Users/kormedi/Documents/WorkPlace/bitbucket/aiga-api-server/node_modules/router/lib/route.js:117:3)\n    at handle (/Users/kormedi/Documents/WorkPlace/bitbucket/aiga-api-server/node_modules/router/index.js:435:11)\n    at Layer.handleRequest (/Users/kormedi/Documents/WorkPlace/bitbucket/aiga-api-server/node_modules/router/lib/layer.js:152:17)",
  "type": "http_error"
}
2025-08-06T09:10:08.999Z [INFO]: 🔵 HTTP REQUEST
{
  "method": "GET",
  "url": "/api/config",
  "params": "{}",
  "query": "{}",
  "ip": "127.0.0.1",
  "userAgent": "Mozilla/5.0 (Macintosh; Intel Mac OS X 10_15_7) AppleWebKit/537.36 (KHTML, like Gecko) Chrome/138.0.0.0 Safari/537.36",
  "type": "http_request"
}
2025-08-06T09:10:08.999Z [INFO]: 🟢 HTTP RESPONSE
{
  "responseTime": "0ms",
  "statusCode": 200,
  "responseMessage": "OK",
  "type": "http_response"
}
2025-08-06T09:10:08.999Z [INFO]: {
  "config": {
    "user_max_token": "200000",
    "user_retry_limit_sec": "57600",
    "guest_max_token": "20000",
    "guest_retry_limit_sec": "57600"
  }
}
2025-08-06T09:10:11.436Z [INFO]: 🔵 HTTP REQUEST
{
  "method": "GET",
  "url": "/api/auth/kakao",
  "params": "{\"provider\":\"kakao\"}",
  "query": "{}",
  "ip": "127.0.0.1",
  "userAgent": "Mozilla/5.0 (Macintosh; Intel Mac OS X 10_15_7) AppleWebKit/537.36 (KHTML, like Gecko) Chrome/138.0.0.0 Safari/537.36",
  "type": "http_request"
}
2025-08-06T09:10:11.438Z [INFO]: 🔴 HTTP RESPONSE
{
  "responseTime": "2ms",
  "statusCode": 302,
  "responseMessage": "Found",
  "type": "http_response"
}
2025-08-06T09:10:11.438Z [INFO]: undefined
2025-08-06T09:10:11.514Z [INFO]: 🔵 HTTP REQUEST
{
  "method": "GET",
  "url": "/api/auth/kakao/callback?code=SmwBhrHypBhrmLIKQAOP9rJ-QDT3J0UCxBRv5BySe8XtsQYAm8aziQAAAAQKFxDvAAABmH6lLxqxu3fh8M0xkQ",
  "params": "{\"provider\":\"kakao\"}",
  "query": "{\"code\":\"SmwBhrHypBhrmLIKQAOP9rJ-QDT3J0UCxBRv5BySe8XtsQYAm8aziQAAAAQKFxDvAAABmH6lLxqxu3fh8M0xkQ\"}",
  "ip": "127.0.0.1",
  "userAgent": "Mozilla/5.0 (Macintosh; Intel Mac OS X 10_15_7) AppleWebKit/537.36 (KHTML, like Gecko) Chrome/138.0.0.0 Safari/537.36",
  "type": "http_request"
}
2025-08-06T09:10:12.675Z [INFO]: 🟢 HTTP RESPONSE
{
  "responseTime": "1160ms",
  "statusCode": 200,
  "responseMessage": "OK",
  "type": "http_response"
}
2025-08-06T09:10:12.675Z [INFO]: undefined
2025-08-06T09:10:19.515Z [INFO]: 🔵 HTTP REQUEST
{
  "method": "GET",
  "url": "/api/history",
  "params": "{}",
  "query": "{}",
  "ip": "127.0.0.1",
  "userAgent": "Mozilla/5.0 (Macintosh; Intel Mac OS X 10_15_7) AppleWebKit/537.36 (KHTML, like Gecko) Chrome/138.0.0.0 Safari/537.36",
  "type": "http_request"
}
2025-08-06T09:10:19.515Z [INFO]: 🟢 HTTP RESPONSE
{
  "responseTime": "0ms",
  "statusCode": 200,
  "responseMessage": "OK",
  "type": "http_response"
}
2025-08-06T09:10:19.516Z [INFO]: {
  "history": {
    "user_id": "uid_2383b3e3-e068-4fda-a90d-a0d6d88a289a",
    "sessions": []
  }
}
2025-08-06T09:10:23.781Z [ERROR]: 🚨 HTTP ERROR 회원 인증이 필요합니다.
{
  "statusCode": 401,
  "url": "/api/auth/logout",
  "ip": "127.0.0.1",
  "stack": "UnauthorizedException: 회원 인증이 필요합니다.\n    at UserGuard.canActivate (/Users/kormedi/Documents/WorkPlace/bitbucket/aiga-api-server/src/common/guards/user.guard.ts:51:13)\n    at GuardsConsumer.tryActivate (/Users/kormedi/Documents/WorkPlace/bitbucket/aiga-api-server/node_modules/@nestjs/core/guards/guards-consumer.js:15:34)\n    at canActivateFn (/Users/kormedi/Documents/WorkPlace/bitbucket/aiga-api-server/node_modules/@nestjs/core/router/router-execution-context.js:135:59)\n    at /Users/kormedi/Documents/WorkPlace/bitbucket/aiga-api-server/node_modules/@nestjs/core/router/router-execution-context.js:42:37\n    at /Users/kormedi/Documents/WorkPlace/bitbucket/aiga-api-server/node_modules/@nestjs/core/router/router-proxy.js:9:23\n    at Layer.handleRequest (/Users/kormedi/Documents/WorkPlace/bitbucket/aiga-api-server/node_modules/router/lib/layer.js:152:17)\n    at next (/Users/kormedi/Documents/WorkPlace/bitbucket/aiga-api-server/node_modules/router/lib/route.js:157:13)\n    at Route.dispatch (/Users/kormedi/Documents/WorkPlace/bitbucket/aiga-api-server/node_modules/router/lib/route.js:117:3)\n    at handle (/Users/kormedi/Documents/WorkPlace/bitbucket/aiga-api-server/node_modules/router/index.js:435:11)\n    at Layer.handleRequest (/Users/kormedi/Documents/WorkPlace/bitbucket/aiga-api-server/node_modules/router/lib/layer.js:152:17)",
  "type": "http_error"
}
2025-08-06T09:10:48.200Z [INFO]: 🔵 HTTP REQUEST
{
  "method": "GET",
  "url": "/api/config",
  "params": "{}",
  "query": "{}",
  "ip": "127.0.0.1",
  "userAgent": "Mozilla/5.0 (Macintosh; Intel Mac OS X 10_15_7) AppleWebKit/537.36 (KHTML, like Gecko) Chrome/138.0.0.0 Safari/537.36",
  "type": "http_request"
}
2025-08-06T09:10:48.201Z [INFO]: 🟢 HTTP RESPONSE
{
  "responseTime": "0ms",
  "statusCode": 200,
  "responseMessage": "OK",
  "type": "http_response"
}
2025-08-06T09:10:48.201Z [INFO]: {
  "config": {
    "user_max_token": "200000",
    "user_retry_limit_sec": "57600",
    "guest_max_token": "20000",
    "guest_retry_limit_sec": "57600"
  }
}
2025-08-06T09:10:54.277Z [INFO]: 🔵 HTTP REQUEST
{
  "method": "GET",
  "url": "/api/auth/kakao",
  "params": "{\"provider\":\"kakao\"}",
  "query": "{}",
  "ip": "127.0.0.1",
  "userAgent": "Mozilla/5.0 (Macintosh; Intel Mac OS X 10_15_7) AppleWebKit/537.36 (KHTML, like Gecko) Chrome/138.0.0.0 Safari/537.36",
  "type": "http_request"
}
2025-08-06T09:10:54.279Z [INFO]: 🔴 HTTP RESPONSE
{
  "responseTime": "2ms",
  "statusCode": 302,
  "responseMessage": "Found",
  "type": "http_response"
}
2025-08-06T09:10:54.279Z [INFO]: undefined
2025-08-06T09:10:54.354Z [INFO]: 🔵 HTTP REQUEST
{
  "method": "GET",
  "url": "/api/auth/kakao/callback?code=drFg4JTDz98pp8BtWWp46NS8xVeei-IdTB7V6dXGKQqCbn84h4-jwAAAAAQKFxItAAABmH6l1nKGtS2__sNdBQ",
  "params": "{\"provider\":\"kakao\"}",
  "query": "{\"code\":\"drFg4JTDz98pp8BtWWp46NS8xVeei-IdTB7V6dXGKQqCbn84h4-jwAAAAAQKFxItAAABmH6l1nKGtS2__sNdBQ\"}",
  "ip": "127.0.0.1",
  "userAgent": "Mozilla/5.0 (Macintosh; Intel Mac OS X 10_15_7) AppleWebKit/537.36 (KHTML, like Gecko) Chrome/138.0.0.0 Safari/537.36",
  "type": "http_request"
}
2025-08-06T09:10:54.480Z [INFO]: 🟢 HTTP RESPONSE
{
  "responseTime": "126ms",
  "statusCode": 200,
  "responseMessage": "OK",
  "type": "http_response"
}
2025-08-06T09:10:54.481Z [INFO]: undefined
2025-08-06T09:11:06.306Z [INFO]: 🔵 HTTP REQUEST
{
  "method": "GET",
  "url": "/api/users/agreement",
  "params": "{}",
  "query": "{}",
  "ip": "127.0.0.1",
  "userAgent": "Mozilla/5.0 (Macintosh; Intel Mac OS X 10_15_7) AppleWebKit/537.36 (KHTML, like Gecko) Chrome/138.0.0.0 Safari/537.36",
  "type": "http_request"
}
2025-08-06T09:11:06.310Z [INFO]: 🟢 HTTP RESPONSE
{
  "responseTime": "4ms",
  "statusCode": 200,
  "responseMessage": "OK",
  "type": "http_response"
}
2025-08-06T09:11:06.310Z [INFO]: {
  "user": {
    "user_id": "uid_61b577ed-0ae3-4845-89ad-3aa7e6c1bb50",
    "sns_type": "kakao",
    "sns_id": "4373193384",
    "email": "xkFoioQfPvBYyjMR7iwWkWr0Hx+7SYnZAbBn36favGk=",
    "nickname": "노성남",
    "profile_img": "Iu0VnxJFRZQFZB99zPAt0PdBsaOm8zg1r3e3iMLSpz2k5j6aKy79LiAm9UpZgzla/4EnKFDQu0uQigjALSQI9mey+aIxRVGM5AQnz0LUAGmW/SwxNQH3TNthL1LcXTzp",
    "regist_date": "2025-08-06T09:10:54.478Z",
    "unregist_date": null,
    "agreement": true,
    "createdAt": "2025-08-06T09:10:54.478Z",
    "updatedAt": null
  }
}
