2025-08-20T01:52:56.221Z [ERROR]: 🚨 HTTP ERROR Request failed with status code 500
{
  "statusCode": 500,
  "url": "/api/chat/sid_30cf4895-3b8a-4438-a5a5-3d33ddefddad",
  "ip": "127.0.0.1",
  "stack": "AxiosError: Request failed with status code 500\n    at settle (/Users/kormedi/Documents/WorkPlace/bitbucket/aiga-api-server/node_modules/axios/lib/core/settle.js:19:12)\n    at IncomingMessage.handleStreamEnd (/Users/kormedi/Documents/WorkPlace/bitbucket/aiga-api-server/node_modules/axios/lib/adapters/http.js:599:11)\n    at IncomingMessage.emit (node:events:530:35)\n    at endReadableNT (node:internal/streams/readable:1698:12)\n    at process.processTicksAndRejections (node:internal/process/task_queues:82:21)\n    at Axios.request (/Users/kormedi/Documents/WorkPlace/bitbucket/aiga-api-server/node_modules/axios/lib/core/Axios.js:45:41)\n    at process.processTicksAndRejections (node:internal/process/task_queues:95:5)\n    at async ChatService.create (/Users/kormedi/Documents/WorkPlace/bitbucket/aiga-api-server/src/chat/chat.service.ts:61:17)\n    at async ChatController.create (/Users/kormedi/Documents/WorkPlace/bitbucket/aiga-api-server/src/chat/chat.controller.ts:119:20)",
  "type": "http_error"
}
2025-08-20T02:08:36.320Z [ERROR]: 🚨 HTTP ERROR Cannot GET /api/chat/sid_b0c70e3c-bd83-4a08-a9f2-4d24d7e49b53
{
  "statusCode": 404,
  "url": "/api/chat/sid_b0c70e3c-bd83-4a08-a9f2-4d24d7e49b53",
  "ip": "127.0.0.1",
  "stack": "NotFoundException: Cannot GET /api/chat/sid_b0c70e3c-bd83-4a08-a9f2-4d24d7e49b53\n    at callback (/Users/kormedi/Documents/WorkPlace/bitbucket/aiga-api-server/node_modules/@nestjs/core/router/routes-resolver.js:77:19)\n    at /Users/kormedi/Documents/WorkPlace/bitbucket/aiga-api-server/node_modules/@nestjs/core/router/router-proxy.js:9:23\n    at Layer.handleRequest (/Users/kormedi/Documents/WorkPlace/bitbucket/aiga-api-server/node_modules/router/lib/layer.js:152:17)\n    at trimPrefix (/Users/kormedi/Documents/WorkPlace/bitbucket/aiga-api-server/node_modules/router/index.js:342:13)\n    at /Users/kormedi/Documents/WorkPlace/bitbucket/aiga-api-server/node_modules/router/index.js:297:9\n    at processParams (/Users/kormedi/Documents/WorkPlace/bitbucket/aiga-api-server/node_modules/router/index.js:582:12)\n    at next (/Users/kormedi/Documents/WorkPlace/bitbucket/aiga-api-server/node_modules/router/index.js:291:5)\n    at urlencodedParser (/Users/kormedi/Documents/WorkPlace/bitbucket/aiga-api-server/node_modules/body-parser/lib/types/urlencoded.js:68:7)\n    at Layer.handleRequest (/Users/kormedi/Documents/WorkPlace/bitbucket/aiga-api-server/node_modules/router/lib/layer.js:152:17)\n    at trimPrefix (/Users/kormedi/Documents/WorkPlace/bitbucket/aiga-api-server/node_modules/router/index.js:342:13)",
  "type": "http_error"
}
2025-08-20T02:08:36.450Z [ERROR]: 🚨 HTTP ERROR Cannot GET /favicon.ico
{
  "statusCode": 404,
  "url": "/favicon.ico",
  "ip": "127.0.0.1",
  "stack": "NotFoundException: Cannot GET /favicon.ico\n    at callback (/Users/kormedi/Documents/WorkPlace/bitbucket/aiga-api-server/node_modules/@nestjs/core/router/routes-resolver.js:77:19)\n    at /Users/kormedi/Documents/WorkPlace/bitbucket/aiga-api-server/node_modules/@nestjs/core/router/router-proxy.js:9:23\n    at Layer.handleRequest (/Users/kormedi/Documents/WorkPlace/bitbucket/aiga-api-server/node_modules/router/lib/layer.js:152:17)\n    at trimPrefix (/Users/kormedi/Documents/WorkPlace/bitbucket/aiga-api-server/node_modules/router/index.js:342:13)\n    at /Users/kormedi/Documents/WorkPlace/bitbucket/aiga-api-server/node_modules/router/index.js:297:9\n    at processParams (/Users/kormedi/Documents/WorkPlace/bitbucket/aiga-api-server/node_modules/router/index.js:582:12)\n    at next (/Users/kormedi/Documents/WorkPlace/bitbucket/aiga-api-server/node_modules/router/index.js:291:5)\n    at urlencodedParser (/Users/kormedi/Documents/WorkPlace/bitbucket/aiga-api-server/node_modules/body-parser/lib/types/urlencoded.js:68:7)\n    at Layer.handleRequest (/Users/kormedi/Documents/WorkPlace/bitbucket/aiga-api-server/node_modules/router/lib/layer.js:152:17)\n    at trimPrefix (/Users/kormedi/Documents/WorkPlace/bitbucket/aiga-api-server/node_modules/router/index.js:342:13)",
  "type": "http_error"
}
2025-08-20T05:37:49.539Z [ERROR]: 🚨 HTTP ERROR Cannot GET /api/users/unregist
{
  "statusCode": 404,
  "url": "/api/users/unregist",
  "ip": "127.0.0.1",
  "stack": "NotFoundException: Cannot GET /api/users/unregist\n    at callback (/Users/kormedi/Documents/WorkPlace/bitbucket/aiga-api-server/node_modules/@nestjs/core/router/routes-resolver.js:77:19)\n    at /Users/kormedi/Documents/WorkPlace/bitbucket/aiga-api-server/node_modules/@nestjs/core/router/router-proxy.js:9:23\n    at Layer.handleRequest (/Users/kormedi/Documents/WorkPlace/bitbucket/aiga-api-server/node_modules/router/lib/layer.js:152:17)\n    at trimPrefix (/Users/kormedi/Documents/WorkPlace/bitbucket/aiga-api-server/node_modules/router/index.js:342:13)\n    at /Users/kormedi/Documents/WorkPlace/bitbucket/aiga-api-server/node_modules/router/index.js:297:9\n    at processParams (/Users/kormedi/Documents/WorkPlace/bitbucket/aiga-api-server/node_modules/router/index.js:582:12)\n    at next (/Users/kormedi/Documents/WorkPlace/bitbucket/aiga-api-server/node_modules/router/index.js:291:5)\n    at urlencodedParser (/Users/kormedi/Documents/WorkPlace/bitbucket/aiga-api-server/node_modules/body-parser/lib/types/urlencoded.js:68:7)\n    at Layer.handleRequest (/Users/kormedi/Documents/WorkPlace/bitbucket/aiga-api-server/node_modules/router/lib/layer.js:152:17)\n    at trimPrefix (/Users/kormedi/Documents/WorkPlace/bitbucket/aiga-api-server/node_modules/router/index.js:342:13)",
  "type": "http_error"
}
2025-08-20T05:39:11.484Z [ERROR]: 🚨 HTTP ERROR Cannot GET /api/users/unregist
{
  "statusCode": 404,
  "url": "/api/users/unregist",
  "ip": "127.0.0.1",
  "stack": "NotFoundException: Cannot GET /api/users/unregist\n    at callback (/Users/kormedi/Documents/WorkPlace/bitbucket/aiga-api-server/node_modules/@nestjs/core/router/routes-resolver.js:77:19)\n    at /Users/kormedi/Documents/WorkPlace/bitbucket/aiga-api-server/node_modules/@nestjs/core/router/router-proxy.js:9:23\n    at Layer.handleRequest (/Users/kormedi/Documents/WorkPlace/bitbucket/aiga-api-server/node_modules/router/lib/layer.js:152:17)\n    at trimPrefix (/Users/kormedi/Documents/WorkPlace/bitbucket/aiga-api-server/node_modules/router/index.js:342:13)\n    at /Users/kormedi/Documents/WorkPlace/bitbucket/aiga-api-server/node_modules/router/index.js:297:9\n    at processParams (/Users/kormedi/Documents/WorkPlace/bitbucket/aiga-api-server/node_modules/router/index.js:582:12)\n    at next (/Users/kormedi/Documents/WorkPlace/bitbucket/aiga-api-server/node_modules/router/index.js:291:5)\n    at urlencodedParser (/Users/kormedi/Documents/WorkPlace/bitbucket/aiga-api-server/node_modules/body-parser/lib/types/urlencoded.js:68:7)\n    at Layer.handleRequest (/Users/kormedi/Documents/WorkPlace/bitbucket/aiga-api-server/node_modules/router/lib/layer.js:152:17)\n    at trimPrefix (/Users/kormedi/Documents/WorkPlace/bitbucket/aiga-api-server/node_modules/router/index.js:342:13)",
  "type": "http_error"
}
2025-08-20T08:18:24.860Z [ERROR]: 🚨 HTTP ERROR 회원 인증이 필요합니다.
{
  "statusCode": 401,
  "url": "/api/auth/logout",
  "ip": "127.0.0.1",
  "stack": "UnauthorizedException: 회원 인증이 필요합니다.\n    at UserGuard.canActivate (/Users/kormedi/Documents/WorkPlace/bitbucket/aiga-api-server/src/common/guards/user.guard.ts:47:13)\n    at GuardsConsumer.tryActivate (/Users/kormedi/Documents/WorkPlace/bitbucket/aiga-api-server/node_modules/@nestjs/core/guards/guards-consumer.js:15:34)\n    at canActivateFn (/Users/kormedi/Documents/WorkPlace/bitbucket/aiga-api-server/node_modules/@nestjs/core/router/router-execution-context.js:135:59)\n    at /Users/kormedi/Documents/WorkPlace/bitbucket/aiga-api-server/node_modules/@nestjs/core/router/router-execution-context.js:42:37\n    at /Users/kormedi/Documents/WorkPlace/bitbucket/aiga-api-server/node_modules/@nestjs/core/router/router-proxy.js:9:23\n    at Layer.handleRequest (/Users/kormedi/Documents/WorkPlace/bitbucket/aiga-api-server/node_modules/router/lib/layer.js:152:17)\n    at next (/Users/kormedi/Documents/WorkPlace/bitbucket/aiga-api-server/node_modules/router/lib/route.js:157:13)\n    at Route.dispatch (/Users/kormedi/Documents/WorkPlace/bitbucket/aiga-api-server/node_modules/router/lib/route.js:117:3)\n    at handle (/Users/kormedi/Documents/WorkPlace/bitbucket/aiga-api-server/node_modules/router/index.js:435:11)\n    at Layer.handleRequest (/Users/kormedi/Documents/WorkPlace/bitbucket/aiga-api-server/node_modules/router/lib/layer.js:152:17)",
  "type": "http_error"
}
2025-08-20T08:23:34.653Z [ERROR]: 🚨 HTTP ERROR Cannot GET /api/chat/sid_679f6177-6a68-4219-8dc0-c3125d536b2e
{
  "statusCode": 404,
  "url": "/api/chat/sid_679f6177-6a68-4219-8dc0-c3125d536b2e",
  "ip": "127.0.0.1",
  "stack": "NotFoundException: Cannot GET /api/chat/sid_679f6177-6a68-4219-8dc0-c3125d536b2e\n    at callback (/Users/kormedi/Documents/WorkPlace/bitbucket/aiga-api-server/node_modules/@nestjs/core/router/routes-resolver.js:77:19)\n    at /Users/kormedi/Documents/WorkPlace/bitbucket/aiga-api-server/node_modules/@nestjs/core/router/router-proxy.js:9:23\n    at Layer.handleRequest (/Users/kormedi/Documents/WorkPlace/bitbucket/aiga-api-server/node_modules/router/lib/layer.js:152:17)\n    at trimPrefix (/Users/kormedi/Documents/WorkPlace/bitbucket/aiga-api-server/node_modules/router/index.js:342:13)\n    at /Users/kormedi/Documents/WorkPlace/bitbucket/aiga-api-server/node_modules/router/index.js:297:9\n    at processParams (/Users/kormedi/Documents/WorkPlace/bitbucket/aiga-api-server/node_modules/router/index.js:582:12)\n    at next (/Users/kormedi/Documents/WorkPlace/bitbucket/aiga-api-server/node_modules/router/index.js:291:5)\n    at urlencodedParser (/Users/kormedi/Documents/WorkPlace/bitbucket/aiga-api-server/node_modules/body-parser/lib/types/urlencoded.js:68:7)\n    at Layer.handleRequest (/Users/kormedi/Documents/WorkPlace/bitbucket/aiga-api-server/node_modules/router/lib/layer.js:152:17)\n    at trimPrefix (/Users/kormedi/Documents/WorkPlace/bitbucket/aiga-api-server/node_modules/router/index.js:342:13)",
  "type": "http_error"
}
